Started GET "/" for 127.0.0.1 at 2018-03-01 10:20:44 -0500
Processing by Rails::WelcomeController#index as HTML
  Rendering /Users/lukesettle/.rbenv/versions/2.4.0/lib/ruby/gems/2.4.0/gems/railties-5.1.5/lib/rails/templates/rails/welcome/index.html.erb
  Rendered /Users/lukesettle/.rbenv/versions/2.4.0/lib/ruby/gems/2.4.0/gems/railties-5.1.5/lib/rails/templates/rails/welcome/index.html.erb (2.5ms)
Completed 200 OK in 153ms (Views: 7.1ms)


Started GET "/api/v1/test" for 127.0.0.1 at 2018-03-01 10:26:19 -0500
  
ActionController::RoutingError (uninitialized constant Api::V1):
  
activesupport (5.1.5) lib/active_support/inflector/methods.rb:271:in `const_get'
activesupport (5.1.5) lib/active_support/inflector/methods.rb:271:in `block in constantize'
activesupport (5.1.5) lib/active_support/inflector/methods.rb:267:in `each'
activesupport (5.1.5) lib/active_support/inflector/methods.rb:267:in `inject'
activesupport (5.1.5) lib/active_support/inflector/methods.rb:267:in `constantize'
actionpack (5.1.5) lib/action_dispatch/http/request.rb:85:in `controller_class_for'
actionpack (5.1.5) lib/action_dispatch/http/request.rb:78:in `controller_class'
actionpack (5.1.5) lib/action_dispatch/routing/route_set.rb:43:in `controller'
actionpack (5.1.5) lib/action_dispatch/routing/route_set.rb:29:in `serve'
actionpack (5.1.5) lib/action_dispatch/journey/router.rb:50:in `block in serve'
actionpack (5.1.5) lib/action_dispatch/journey/router.rb:33:in `each'
actionpack (5.1.5) lib/action_dispatch/journey/router.rb:33:in `serve'
actionpack (5.1.5) lib/action_dispatch/routing/route_set.rb:844:in `call'
rack (2.0.4) lib/rack/etag.rb:25:in `call'
rack (2.0.4) lib/rack/conditional_get.rb:25:in `call'
rack (2.0.4) lib/rack/head.rb:12:in `call'
rack (2.0.4) lib/rack/session/abstract/id.rb:232:in `context'
rack (2.0.4) lib/rack/session/abstract/id.rb:226:in `call'
actionpack (5.1.5) lib/action_dispatch/middleware/cookies.rb:613:in `call'
activerecord (5.1.5) lib/active_record/migration.rb:556:in `call'
actionpack (5.1.5) lib/action_dispatch/middleware/callbacks.rb:26:in `block in call'
activesupport (5.1.5) lib/active_support/callbacks.rb:97:in `run_callbacks'
actionpack (5.1.5) lib/action_dispatch/middleware/callbacks.rb:24:in `call'
actionpack (5.1.5) lib/action_dispatch/middleware/executor.rb:12:in `call'
actionpack (5.1.5) lib/action_dispatch/middleware/debug_exceptions.rb:59:in `call'
web-console (3.5.1) lib/web_console/middleware.rb:135:in `call_app'
web-console (3.5.1) lib/web_console/middleware.rb:28:in `block in call'
web-console (3.5.1) lib/web_console/middleware.rb:18:in `catch'
web-console (3.5.1) lib/web_console/middleware.rb:18:in `call'
actionpack (5.1.5) lib/action_dispatch/middleware/show_exceptions.rb:31:in `call'
railties (5.1.5) lib/rails/rack/logger.rb:36:in `call_app'
railties (5.1.5) lib/rails/rack/logger.rb:24:in `block in call'
activesupport (5.1.5) lib/active_support/tagged_logging.rb:69:in `block in tagged'
activesupport (5.1.5) lib/active_support/tagged_logging.rb:26:in `tagged'
activesupport (5.1.5) lib/active_support/tagged_logging.rb:69:in `tagged'
railties (5.1.5) lib/rails/rack/logger.rb:24:in `call'
sprockets-rails (3.2.1) lib/sprockets/rails/quiet_assets.rb:13:in `call'
actionpack (5.1.5) lib/action_dispatch/middleware/remote_ip.rb:79:in `call'
actionpack (5.1.5) lib/action_dispatch/middleware/request_id.rb:25:in `call'
rack (2.0.4) lib/rack/method_override.rb:22:in `call'
rack (2.0.4) lib/rack/runtime.rb:22:in `call'
activesupport (5.1.5) lib/active_support/cache/strategy/local_cache_middleware.rb:27:in `call'
actionpack (5.1.5) lib/action_dispatch/middleware/executor.rb:12:in `call'
actionpack (5.1.5) lib/action_dispatch/middleware/static.rb:125:in `call'
rack (2.0.4) lib/rack/sendfile.rb:111:in `call'
railties (5.1.5) lib/rails/engine.rb:522:in `call'
puma (3.11.2) lib/puma/configuration.rb:225:in `call'
puma (3.11.2) lib/puma/server.rb:624:in `handle_request'
puma (3.11.2) lib/puma/server.rb:438:in `process_client'
puma (3.11.2) lib/puma/server.rb:302:in `block in run'
puma (3.11.2) lib/puma/thread_pool.rb:120:in `block in spawn_thread'
Started GET "/api/v1/test" for 127.0.0.1 at 2018-03-01 10:26:32 -0500
  
ActionController::RoutingError (uninitialized constant Api::V1::TestControllerController):
  
activesupport (5.1.5) lib/active_support/inflector/methods.rb:271:in `const_get'
activesupport (5.1.5) lib/active_support/inflector/methods.rb:271:in `block in constantize'
activesupport (5.1.5) lib/active_support/inflector/methods.rb:267:in `each'
activesupport (5.1.5) lib/active_support/inflector/methods.rb:267:in `inject'
activesupport (5.1.5) lib/active_support/inflector/methods.rb:267:in `constantize'
actionpack (5.1.5) lib/action_dispatch/http/request.rb:85:in `controller_class_for'
actionpack (5.1.5) lib/action_dispatch/http/request.rb:78:in `controller_class'
actionpack (5.1.5) lib/action_dispatch/routing/route_set.rb:43:in `controller'
actionpack (5.1.5) lib/action_dispatch/routing/route_set.rb:29:in `serve'
actionpack (5.1.5) lib/action_dispatch/journey/router.rb:50:in `block in serve'
actionpack (5.1.5) lib/action_dispatch/journey/router.rb:33:in `each'
actionpack (5.1.5) lib/action_dispatch/journey/router.rb:33:in `serve'
actionpack (5.1.5) lib/action_dispatch/routing/route_set.rb:844:in `call'
rack (2.0.4) lib/rack/etag.rb:25:in `call'
rack (2.0.4) lib/rack/conditional_get.rb:25:in `call'
rack (2.0.4) lib/rack/head.rb:12:in `call'
rack (2.0.4) lib/rack/session/abstract/id.rb:232:in `context'
rack (2.0.4) lib/rack/session/abstract/id.rb:226:in `call'
actionpack (5.1.5) lib/action_dispatch/middleware/cookies.rb:613:in `call'
activerecord (5.1.5) lib/active_record/migration.rb:556:in `call'
actionpack (5.1.5) lib/action_dispatch/middleware/callbacks.rb:26:in `block in call'
activesupport (5.1.5) lib/active_support/callbacks.rb:97:in `run_callbacks'
actionpack (5.1.5) lib/action_dispatch/middleware/callbacks.rb:24:in `call'
actionpack (5.1.5) lib/action_dispatch/middleware/executor.rb:12:in `call'
actionpack (5.1.5) lib/action_dispatch/middleware/debug_exceptions.rb:59:in `call'
web-console (3.5.1) lib/web_console/middleware.rb:135:in `call_app'
web-console (3.5.1) lib/web_console/middleware.rb:28:in `block in call'
web-console (3.5.1) lib/web_console/middleware.rb:18:in `catch'
web-console (3.5.1) lib/web_console/middleware.rb:18:in `call'
actionpack (5.1.5) lib/action_dispatch/middleware/show_exceptions.rb:31:in `call'
railties (5.1.5) lib/rails/rack/logger.rb:36:in `call_app'
railties (5.1.5) lib/rails/rack/logger.rb:24:in `block in call'
activesupport (5.1.5) lib/active_support/tagged_logging.rb:69:in `block in tagged'
activesupport (5.1.5) lib/active_support/tagged_logging.rb:26:in `tagged'
activesupport (5.1.5) lib/active_support/tagged_logging.rb:69:in `tagged'
railties (5.1.5) lib/rails/rack/logger.rb:24:in `call'
sprockets-rails (3.2.1) lib/sprockets/rails/quiet_assets.rb:13:in `call'
actionpack (5.1.5) lib/action_dispatch/middleware/remote_ip.rb:79:in `call'
actionpack (5.1.5) lib/action_dispatch/middleware/request_id.rb:25:in `call'
rack (2.0.4) lib/rack/method_override.rb:22:in `call'
rack (2.0.4) lib/rack/runtime.rb:22:in `call'
activesupport (5.1.5) lib/active_support/cache/strategy/local_cache_middleware.rb:27:in `call'
actionpack (5.1.5) lib/action_dispatch/middleware/executor.rb:12:in `call'
actionpack (5.1.5) lib/action_dispatch/middleware/static.rb:125:in `call'
rack (2.0.4) lib/rack/sendfile.rb:111:in `call'
railties (5.1.5) lib/rails/engine.rb:522:in `call'
puma (3.11.2) lib/puma/configuration.rb:225:in `call'
puma (3.11.2) lib/puma/server.rb:624:in `handle_request'
puma (3.11.2) lib/puma/server.rb:438:in `process_client'
puma (3.11.2) lib/puma/server.rb:302:in `block in run'
puma (3.11.2) lib/puma/thread_pool.rb:120:in `block in spawn_thread'
Started GET "/api/v1/test" for 127.0.0.1 at 2018-03-01 10:26:45 -0500
  
ActionController::RoutingError (uninitialized constant API::V1::BaseController):
  
app/controllers/api/v1/test_controller.rb:3:in `<module:V1>'
app/controllers/api/v1/test_controller.rb:2:in `<module:API>'
app/controllers/api/v1/test_controller.rb:1:in `<top (required)>'
Started GET "/api/v1/test" for 127.0.0.1 at 2018-03-01 10:27:30 -0500
  
ActionController::RoutingError (undefined method `respond_to' for API::BaseController:Class
Did you mean?  respond_to?):
  
app/controllers/api/base_controller.rb:3:in `<class:BaseController>'
app/controllers/api/base_controller.rb:2:in `<module:API>'
app/controllers/api/base_controller.rb:1:in `<top (required)>'
app/controllers/api/v1/test_controller.rb:3:in `<module:V1>'
app/controllers/api/v1/test_controller.rb:2:in `<module:API>'
app/controllers/api/v1/test_controller.rb:1:in `<top (required)>'
Started GET "/api/v1/test" for 127.0.0.1 at 2018-03-01 10:29:06 -0500
  
LoadError (Unable to autoload constant Api::V1::TestController, expected /Users/lukesettle/Desktop/api-for-android-wear/app/controllers/api/v1/test_controller.rb to define it):
  
activesupport (5.1.5) lib/active_support/dependencies.rb:512:in `load_missing_constant'
activesupport (5.1.5) lib/active_support/dependencies.rb:202:in `const_missing'
activesupport (5.1.5) lib/active_support/inflector/methods.rb:271:in `const_get'
activesupport (5.1.5) lib/active_support/inflector/methods.rb:271:in `block in constantize'
activesupport (5.1.5) lib/active_support/inflector/methods.rb:267:in `each'
activesupport (5.1.5) lib/active_support/inflector/methods.rb:267:in `inject'
activesupport (5.1.5) lib/active_support/inflector/methods.rb:267:in `constantize'
activesupport (5.1.5) lib/active_support/dependencies.rb:583:in `get'
activesupport (5.1.5) lib/active_support/dependencies.rb:614:in `constantize'
actionpack (5.1.5) lib/action_dispatch/http/request.rb:85:in `controller_class_for'
actionpack (5.1.5) lib/action_dispatch/http/parameters.rb:99:in `binary_params_for?'
actionpack (5.1.5) lib/action_dispatch/http/parameters.rb:90:in `set_binary_encoding'
actionpack (5.1.5) lib/action_dispatch/http/parameters.rb:67:in `path_parameters='
actionpack (5.1.5) lib/action_dispatch/journey/router.rb:48:in `block in serve'
actionpack (5.1.5) lib/action_dispatch/journey/router.rb:33:in `each'
actionpack (5.1.5) lib/action_dispatch/journey/router.rb:33:in `serve'
actionpack (5.1.5) lib/action_dispatch/routing/route_set.rb:844:in `call'
rack (2.0.4) lib/rack/etag.rb:25:in `call'
rack (2.0.4) lib/rack/conditional_get.rb:25:in `call'
rack (2.0.4) lib/rack/head.rb:12:in `call'
rack (2.0.4) lib/rack/session/abstract/id.rb:232:in `context'
rack (2.0.4) lib/rack/session/abstract/id.rb:226:in `call'
actionpack (5.1.5) lib/action_dispatch/middleware/cookies.rb:613:in `call'
activerecord (5.1.5) lib/active_record/migration.rb:556:in `call'
actionpack (5.1.5) lib/action_dispatch/middleware/callbacks.rb:26:in `block in call'
activesupport (5.1.5) lib/active_support/callbacks.rb:97:in `run_callbacks'
actionpack (5.1.5) lib/action_dispatch/middleware/callbacks.rb:24:in `call'
actionpack (5.1.5) lib/action_dispatch/middleware/executor.rb:12:in `call'
actionpack (5.1.5) lib/action_dispatch/middleware/debug_exceptions.rb:59:in `call'
web-console (3.5.1) lib/web_console/middleware.rb:135:in `call_app'
web-console (3.5.1) lib/web_console/middleware.rb:28:in `block in call'
web-console (3.5.1) lib/web_console/middleware.rb:18:in `catch'
web-console (3.5.1) lib/web_console/middleware.rb:18:in `call'
actionpack (5.1.5) lib/action_dispatch/middleware/show_exceptions.rb:31:in `call'
railties (5.1.5) lib/rails/rack/logger.rb:36:in `call_app'
railties (5.1.5) lib/rails/rack/logger.rb:24:in `block in call'
activesupport (5.1.5) lib/active_support/tagged_logging.rb:69:in `block in tagged'
activesupport (5.1.5) lib/active_support/tagged_logging.rb:26:in `tagged'
activesupport (5.1.5) lib/active_support/tagged_logging.rb:69:in `tagged'
railties (5.1.5) lib/rails/rack/logger.rb:24:in `call'
sprockets-rails (3.2.1) lib/sprockets/rails/quiet_assets.rb:13:in `call'
actionpack (5.1.5) lib/action_dispatch/middleware/remote_ip.rb:79:in `call'
actionpack (5.1.5) lib/action_dispatch/middleware/request_id.rb:25:in `call'
rack (2.0.4) lib/rack/method_override.rb:22:in `call'
rack (2.0.4) lib/rack/runtime.rb:22:in `call'
activesupport (5.1.5) lib/active_support/cache/strategy/local_cache_middleware.rb:27:in `call'
actionpack (5.1.5) lib/action_dispatch/middleware/executor.rb:12:in `call'
actionpack (5.1.5) lib/action_dispatch/middleware/static.rb:125:in `call'
rack (2.0.4) lib/rack/sendfile.rb:111:in `call'
railties (5.1.5) lib/rails/engine.rb:522:in `call'
puma (3.11.2) lib/puma/configuration.rb:225:in `call'
puma (3.11.2) lib/puma/server.rb:624:in `handle_request'
puma (3.11.2) lib/puma/server.rb:438:in `process_client'
puma (3.11.2) lib/puma/server.rb:302:in `block in run'
puma (3.11.2) lib/puma/thread_pool.rb:120:in `block in spawn_thread'
Started GET "/api/v1/test" for 127.0.0.1 at 2018-03-01 10:29:29 -0500
  
LoadError (Unable to autoload constant Api::BaseController, expected /Users/lukesettle/Desktop/api-for-android-wear/app/controllers/api/base_controller.rb to define it):
  
app/controllers/api/v1/test_controller.rb:3:in `<module:V1>'
app/controllers/api/v1/test_controller.rb:2:in `<module:Api>'
app/controllers/api/v1/test_controller.rb:1:in `<top (required)>'
Started GET "/api/v1/test" for 127.0.0.1 at 2018-03-01 10:29:43 -0500
  
TypeError (superclass mismatch for class TestController):
  
app/controllers/api/v1/test_controller.rb:3:in `<module:V1>'
app/controllers/api/v1/test_controller.rb:2:in `<module:API>'
app/controllers/api/v1/test_controller.rb:1:in `<top (required)>'
Started GET "/api/v1/test" for 127.0.0.1 at 2018-03-01 10:30:20 -0500
Processing by Api::V1::TestController#index as JSON
Completed 200 OK in 1ms (Views: 0.6ms)


Started GET "/api/v1/test" for 127.0.0.1 at 2018-03-01 10:30:29 -0500
Processing by Api::V1::TestController#index as JSON
Completed 200 OK in 1ms (Views: 0.1ms)


Started GET "/api/v1/test" for 127.0.0.1 at 2018-03-01 10:30:30 -0500
Processing by Api::V1::TestController#index as JSON
Completed 200 OK in 0ms (Views: 0.1ms)


Started GET "/api/v1/test" for 127.0.0.1 at 2018-03-01 10:34:34 -0500
Processing by Api::V1::TestController#index as JSON
Completed 200 OK in 1ms (Views: 0.1ms)


